# JRE version: Java(TM) SE Runtime Environment (8.0_25-b17) (build 1.8.0_25-b17)
# Java VM: Java HotSpot(TM) 64-Bit Server VM (25.25-b02 mixed mode bsd-amd64 compressed oops)
Heap:
 PSYoungGen      total 1010688K, used 2655K [0x000000076ab00000, 0x00000007c0000000, 0x00000007c0000000)
  eden space 668672K, 0% used [0x000000076ab00000,0x000000076ad97db8,0x0000000793800000)
  from space 342016K, 0% used [0x00000007ab200000,0x00000007ab200000,0x00000007c0000000)
  to   space 364544K, 0% used [0x0000000793800000,0x0000000793800000,0x00000007a9c00000)
 ParOldGen       total 713728K, used 139468K [0x00000006c0000000, 0x00000006eb900000, 0x000000076ab00000)
  object space 713728K, 19% used [0x00000006c0000000,0x00000006c8833268,0x00000006eb900000)
 Metaspace       used 34564K, capacity 34694K, committed 35072K, reserved 1079296K
  class space    used 4241K, capacity 4290K, committed 4352K, reserved 1048576K
GC Heap History (10 events):
Event: 119.393 GC heap before
{Heap before GC invocations=17 (full 5):
 PSYoungGen      total 915968K, used 910201K [0x000000076ab00000, 0x00000007c0000000, 0x00000007c0000000)
  eden space 685568K, 99% used [0x000000076ab00000,0x00000007942df6b0,0x0000000794880000)
  from space 230400K, 99% used [0x0000000794880000,0x00000007a297ed90,0x00000007a2980000)
  to   space 306176K, 0% used [0x00000007ad500000,0x00000007ad500000,0x00000007c0000000)
 ParOldGen       total 531968K, used 212976K [0x00000006c0000000, 0x00000006e0780000, 0x000000076ab00000)
  object space 531968K, 40% used [0x00000006c0000000,0x00000006ccffc280,0x00000006e0780000)
 Metaspace       used 34351K, capacity 34594K, committed 34816K, reserved 1079296K
  class space    used 4239K, capacity 4316K, committed 4352K, reserved 1048576K
Event: 119.512 GC heap after
Heap after GC invocations=17 (full 5):
 PSYoungGen      total 1048576K, used 227421K [0x000000076ab00000, 0x00000007c0000000, 0x00000007c0000000)
  eden space 742400K, 0% used [0x000000076ab00000,0x000000076ab00000,0x0000000798000000)
  from space 306176K, 74% used [0x00000007ad500000,0x00000007bb3174c0,0x00000007c0000000)
  to   space 327680K, 0% used [0x0000000798000000,0x0000000798000000,0x00000007ac000000)
 ParOldGen       total 531968K, used 395057K [0x00000006c0000000, 0x00000006e0780000, 0x000000076ab00000)
  object space 531968K, 74% used [0x00000006c0000000,0x00000006d81cc768,0x00000006e0780000)
 Metaspace       used 34351K, capacity 34594K, committed 34816K, reserved 1079296K
  class space    used 4239K, capacity 4316K, committed 4352K, reserved 1048576K
}
Event: 119.512 GC heap before
{Heap before GC invocations=18 (full 6):
 PSYoungGen      total 1048576K, used 227421K [0x000000076ab00000, 0x00000007c0000000, 0x00000007c0000000)
  eden space 742400K, 0% used [0x000000076ab00000,0x000000076ab00000,0x0000000798000000)
  from space 306176K, 74% used [0x00000007ad500000,0x00000007bb3174c0,0x00000007c0000000)
  to   space 327680K, 0% used [0x0000000798000000,0x0000000798000000,0x00000007ac000000)
 ParOldGen       total 531968K, used 395057K [0x00000006c0000000, 0x00000006e0780000, 0x000000076ab00000)
  object space 531968K, 74% used [0x00000006c0000000,0x00000006d81cc768,0x00000006e0780000)
 Metaspace       used 34351K, capacity 34594K, committed 34816K, reserved 1079296K
  class space    used 4239K, capacity 4316K, committed 4352K, reserved 1048576K
Event: 119.592 GC heap after
Heap after GC invocations=18 (full 6):
 PSYoungGen      total 1048576K, used 0K [0x000000076ab00000, 0x00000007c0000000, 0x00000007c0000000)
  eden space 742400K, 0% used [0x000000076ab00000,0x000000076ab00000,0x0000000798000000)
  from space 306176K, 0% used [0x00000007ad500000,0x00000007ad500000,0x00000007c0000000)
  to   space 327680K, 0% used [0x0000000798000000,0x0000000798000000,0x00000007ac000000)
 ParOldGen       total 731648K, used 250495K [0x00000006c0000000, 0x00000006eca80000, 0x000000076ab00000)
  object space 731648K, 34% used [0x00000006c0000000,0x00000006cf49ffb0,0x00000006eca80000)
 Metaspace       used 34351K, capacity 34594K, committed 34816K, reserved 1079296K
  class space    used 4239K, capacity 4316K, committed 4352K, reserved 1048576K
}
Event: 122.111 GC heap before
{Heap before GC invocations=19 (full 6):
 PSYoungGen      total 1048576K, used 738242K [0x000000076ab00000, 0x00000007c0000000, 0x00000007c0000000)
  eden space 742400K, 99% used [0x000000076ab00000,0x0000000797bf08f8,0x0000000798000000)
  from space 306176K, 0% used [0x00000007ad500000,0x00000007ad500000,0x00000007c0000000)
  to   space 327680K, 0% used [0x0000000798000000,0x0000000798000000,0x00000007ac000000)
 ParOldGen       total 731648K, used 250495K [0x00000006c0000000, 0x00000006eca80000, 0x000000076ab00000)
  object space 731648K, 34% used [0x00000006c0000000,0x00000006cf49ffb0,0x00000006eca80000)
 Metaspace       used 34398K, capacity 34594K, committed 34816K, reserved 1079296K
  class space    used 4239K, capacity 4316K, committed 4352K, reserved 1048576K
Event: 122.168 GC heap after
Heap after GC invocations=19 (full 6):
 PSYoungGen      total 1055744K, used 313163K [0x000000076ab00000, 0x00000007c0000000, 0x00000007c0000000)
  eden space 742400K, 0% used [0x000000076ab00000,0x000000076ab00000,0x0000000798000000)
  from space 313344K, 99% used [0x0000000798000000,0x00000007ab1d2e08,0x00000007ab200000)
  to   space 342016K, 0% used [0x00000007ab200000,0x00000007ab200000,0x00000007c0000000)
 ParOldGen       total 731648K, used 250503K [0x00000006c0000000, 0x00000006eca80000, 0x000000076ab00000)
  object space 731648K, 34% used [0x00000006c0000000,0x00000006cf4a1fb0,0x00000006eca80000)
 Metaspace       used 34398K, capacity 34594K, committed 34816K, reserved 1079296K
  class space    used 4239K, capacity 4316K, committed 4352K, reserved 1048576K
}
Event: 11934.962 GC heap before
{Heap before GC invocations=20 (full 6):
 PSYoungGen      total 1055744K, used 1055563K [0x000000076ab00000, 0x00000007c0000000, 0x00000007c0000000)
  eden space 742400K, 100% used [0x000000076ab00000,0x0000000798000000,0x0000000798000000)
  from space 313344K, 99% used [0x0000000798000000,0x00000007ab1d2e08,0x00000007ab200000)
  to   space 342016K, 0% used [0x00000007ab200000,0x00000007ab200000,0x00000007c0000000)
 ParOldGen       total 731648K, used 250503K [0x00000006c0000000, 0x00000006eca80000, 0x000000076ab00000)
  object space 731648K, 34% used [0x00000006c0000000,0x00000006cf4a1fb0,0x00000006eca80000)
 Metaspace       used 34646K, capacity 34850K, committed 35072K, reserved 1079296K
  class space    used 4255K, capacity 4316K, committed 4352K, reserved 1048576K
Event: 11935.276 GC heap after
Heap after GC invocations=20 (full 6):
 PSYoungGen      total 1010688K, used 78867K [0x000000076ab00000, 0x00000007c0000000, 0x00000007c0000000)
  eden space 668672K, 0% used [0x000000076ab00000,0x000000076ab00000,0x0000000793800000)
  from space 342016K, 23% used [0x00000007ab200000,0x00000007aff04ed0,0x00000007c0000000)
  to   space 364544K, 0% used [0x0000000793800000,0x0000000793800000,0x00000007a9c00000)
 ParOldGen       total 731648K, used 563487K [0x00000006c0000000, 0x00000006eca80000, 0x000000076ab00000)
  object space 731648K, 77% used [0x00000006c0000000,0x00000006e2647c80,0x00000006eca80000)
 Metaspace       used 34646K, capacity 34850K, committed 35072K, reserved 1079296K
  class space    used 4255K, capacity 4316K, committed 4352K, reserved 1048576K
}
Event: 11935.276 GC heap before
{Heap before GC invocations=21 (full 7):
 PSYoungGen      total 1010688K, used 78867K [0x000000076ab00000, 0x00000007c0000000, 0x00000007c0000000)
  eden space 668672K, 0% used [0x000000076ab00000,0x000000076ab00000,0x0000000793800000)
  from space 342016K, 23% used [0x00000007ab200000,0x00000007aff04ed0,0x00000007c0000000)
  to   space 364544K, 0% used [0x0000000793800000,0x0000000793800000,0x00000007a9c00000)
 ParOldGen       total 731648K, used 563487K [0x00000006c0000000, 0x00000006eca80000, 0x000000076ab00000)
  object space 731648K, 77% used [0x00000006c0000000,0x00000006e2647c80,0x00000006eca80000)
 Metaspace       used 34646K, capacity 34850K, committed 35072K, reserved 1079296K
  class space    used 4255K, capacity 4316K, committed 4352K, reserved 1048576K
Event: 11935.593 GC heap after
Heap after GC invocations=21 (full 7):
 PSYoungGen      total 1010688K, used 0K [0x000000076ab00000, 0x00000007c0000000, 0x00000007c0000000)
  eden space 668672K, 0% used [0x000000076ab00000,0x000000076ab00000,0x0000000793800000)
  from space 342016K, 0% used [0x00000007ab200000,0x00000007ab200000,0x00000007c0000000)
  to   space 364544K, 0% used [0x0000000793800000,0x0000000793800000,0x00000007a9c00000)
 ParOldGen       total 713728K, used 139468K [0x00000006c0000000, 0x00000006eb900000, 0x000000076ab00000)
  object space 713728K, 19% used [0x00000006c0000000,0x00000006c8833268,0x00000006eb900000)
 Metaspace       used 34561K, capacity 34694K, committed 35072K, reserved 1079296K
  class space    used 4241K, capacity 4290K, committed 4352K, reserved 1048576K
}

