# JRE version: Java(TM) SE Runtime Environment (8.0_25-b17) (build 1.8.0_25-b17)
# Java VM: Java HotSpot(TM) 64-Bit Server VM (25.25-b02 mixed mode bsd-amd64 compressed oops)
Heap:
 PSYoungGen      total 625664K, used 6210K [0x000000076ab00000, 0x00000007af880000, 0x00000007c0000000)
  eden space 357376K, 1% used [0x000000076ab00000,0x000000076b1108f8,0x0000000780800000)
  from space 268288K, 0% used [0x0000000780800000,0x0000000780800000,0x0000000790e00000)
  to   space 299008K, 0% used [0x000000079d480000,0x000000079d480000,0x00000007af880000)
 ParOldGen       total 431616K, used 71746K [0x00000006c0000000, 0x00000006da580000, 0x000000076ab00000)
  object space 431616K, 16% used [0x00000006c0000000,0x00000006c4610870,0x00000006da580000)
 Metaspace       used 34278K, capacity 34512K, committed 34816K, reserved 1079296K
  class space    used 4254K, capacity 4313K, committed 4352K, reserved 1048576K
GC Heap History (10 events):
Event: 110.798 GC heap before
{Heap before GC invocations=11 (full 3):
 PSYoungGen      total 289280K, used 127320K [0x000000076ab00000, 0x000000078f580000, 0x00000007c0000000)
  eden space 171520K, 74% used [0x000000076ab00000,0x00000007727563d8,0x0000000775280000)
  from space 117760K, 0% used [0x0000000775280000,0x0000000775280000,0x000000077c580000)
  to   space 176640K, 0% used [0x0000000784900000,0x0000000784900000,0x000000078f580000)
 ParOldGen       total 418304K, used 102699K [0x00000006c0000000, 0x00000006d9880000, 0x000000076ab00000)
  object space 418304K, 24% used [0x00000006c0000000,0x00000006c644af88,0x00000006d9880000)
 Metaspace       used 34119K, capacity 34378K, committed 34560K, reserved 1079296K
  class space    used 4236K, capacity 4312K, committed 4352K, reserved 1048576K
Event: 110.844 GC heap after
Heap after GC invocations=11 (full 3):
 PSYoungGen      total 436736K, used 62102K [0x000000076ab00000, 0x0000000792980000, 0x00000007c0000000)
  eden space 260096K, 0% used [0x000000076ab00000,0x000000076ab00000,0x000000077a900000)
  from space 176640K, 35% used [0x0000000784900000,0x00000007885a5b40,0x000000078f580000)
  to   space 163840K, 0% used [0x000000077a900000,0x000000077a900000,0x0000000784900000)
 ParOldGen       total 418304K, used 102699K [0x00000006c0000000, 0x00000006d9880000, 0x000000076ab00000)
  object space 418304K, 24% used [0x00000006c0000000,0x00000006c644af88,0x00000006d9880000)
 Metaspace       used 34119K, capacity 34378K, committed 34560K, reserved 1079296K
  class space    used 4236K, capacity 4312K, committed 4352K, reserved 1048576K
}
Event: 120.768 GC heap before
{Heap before GC invocations=12 (full 3):
 PSYoungGen      total 436736K, used 322198K [0x000000076ab00000, 0x0000000792980000, 0x00000007c0000000)
  eden space 260096K, 100% used [0x000000076ab00000,0x000000077a900000,0x000000077a900000)
  from space 176640K, 35% used [0x0000000784900000,0x00000007885a5b40,0x000000078f580000)
  to   space 163840K, 0% used [0x000000077a900000,0x000000077a900000,0x0000000784900000)
 ParOldGen       total 418304K, used 102699K [0x00000006c0000000, 0x00000006d9880000, 0x000000076ab00000)
  object space 418304K, 24% used [0x00000006c0000000,0x00000006c644af88,0x00000006d9880000)
 Metaspace       used 34125K, capacity 34378K, committed 34560K, reserved 1079296K
  class space    used 4236K, capacity 4312K, committed 4352K, reserved 1048576K
Event: 120.818 GC heap after
Heap after GC invocations=12 (full 3):
 PSYoungGen      total 423936K, used 163839K [0x000000076ab00000, 0x000000079ed80000, 0x00000007c0000000)
  eden space 260096K, 0% used [0x000000076ab00000,0x000000076ab00000,0x000000077a900000)
  from space 163840K, 99% used [0x000000077a900000,0x00000007848ffff0,0x0000000784900000)
  to   space 228864K, 0% used [0x0000000790e00000,0x0000000790e00000,0x000000079ed80000)
 ParOldGen       total 418304K, used 187013K [0x00000006c0000000, 0x00000006d9880000, 0x000000076ab00000)
  object space 418304K, 44% used [0x00000006c0000000,0x00000006cb6a16d8,0x00000006d9880000)
 Metaspace       used 34125K, capacity 34378K, committed 34560K, reserved 1079296K
  class space    used 4236K, capacity 4312K, committed 4352K, reserved 1048576K
}
Event: 128.485 GC heap before
{Heap before GC invocations=13 (full 3):
 PSYoungGen      total 423936K, used 420312K [0x000000076ab00000, 0x000000079ed80000, 0x00000007c0000000)
  eden space 260096K, 98% used [0x000000076ab00000,0x000000077a576208,0x000000077a900000)
  from space 163840K, 99% used [0x000000077a900000,0x00000007848ffff0,0x0000000784900000)
  to   space 228864K, 0% used [0x0000000790e00000,0x0000000790e00000,0x000000079ed80000)
 ParOldGen       total 418304K, used 187013K [0x00000006c0000000, 0x00000006d9880000, 0x000000076ab00000)
  object space 418304K, 44% used [0x00000006c0000000,0x00000006cb6a16d8,0x00000006d9880000)
 Metaspace       used 34125K, capacity 34378K, committed 34560K, reserved 1079296K
  class space    used 4236K, capacity 4312K, committed 4352K, reserved 1048576K
Event: 128.553 GC heap after
Heap after GC invocations=13 (full 3):
 PSYoungGen      total 586240K, used 225366K [0x000000076ab00000, 0x00000007a3600000, 0x00000007c0000000)
  eden space 357376K, 0% used [0x000000076ab00000,0x000000076ab00000,0x0000000780800000)
  from space 228864K, 98% used [0x0000000790e00000,0x000000079ea15838,0x000000079ed80000)
  to   space 268288K, 0% used [0x0000000780800000,0x0000000780800000,0x0000000790e00000)
 ParOldGen       total 418304K, used 187013K [0x00000006c0000000, 0x00000006d9880000, 0x000000076ab00000)
  object space 418304K, 44% used [0x00000006c0000000,0x00000006cb6a16d8,0x00000006d9880000)
 Metaspace       used 34125K, capacity 34378K, committed 34560K, reserved 1079296K
  class space    used 4236K, capacity 4312K, committed 4352K, reserved 1048576K
}
Event: 1470.945 GC heap before
{Heap before GC invocations=14 (full 3):
 PSYoungGen      total 586240K, used 582742K [0x000000076ab00000, 0x00000007a3600000, 0x00000007c0000000)
  eden space 357376K, 100% used [0x000000076ab00000,0x0000000780800000,0x0000000780800000)
  from space 228864K, 98% used [0x0000000790e00000,0x000000079ea15838,0x000000079ed80000)
  to   space 268288K, 0% used [0x0000000780800000,0x0000000780800000,0x0000000790e00000)
 ParOldGen       total 418304K, used 187013K [0x00000006c0000000, 0x00000006d9880000, 0x000000076ab00000)
  object space 418304K, 44% used [0x00000006c0000000,0x00000006cb6a16d8,0x00000006d9880000)
 Metaspace       used 34275K, capacity 34512K, committed 34816K, reserved 1079296K
  class space    used 4253K, capacity 4313K, committed 4352K, reserved 1048576K
Event: 1471.402 GC heap after
Heap after GC invocations=14 (full 3):
 PSYoungGen      total 625664K, used 225398K [0x000000076ab00000, 0x00000007af880000, 0x00000007c0000000)
  eden space 357376K, 0% used [0x000000076ab00000,0x000000076ab00000,0x0000000780800000)
  from space 268288K, 84% used [0x0000000780800000,0x000000078e41d838,0x0000000790e00000)
  to   space 299008K, 0% used [0x000000079d480000,0x000000079d480000,0x00000007af880000)
 ParOldGen       total 418304K, used 288334K [0x00000006c0000000, 0x00000006d9880000, 0x000000076ab00000)
  object space 418304K, 68% used [0x00000006c0000000,0x00000006d1993890,0x00000006d9880000)
 Metaspace       used 34275K, capacity 34512K, committed 34816K, reserved 1079296K
  class space    used 4253K, capacity 4313K, committed 4352K, reserved 1048576K
}
Event: 1471.402 GC heap before
{Heap before GC invocations=15 (full 4):
 PSYoungGen      total 625664K, used 225398K [0x000000076ab00000, 0x00000007af880000, 0x00000007c0000000)
  eden space 357376K, 0% used [0x000000076ab00000,0x000000076ab00000,0x0000000780800000)
  from space 268288K, 84% used [0x0000000780800000,0x000000078e41d838,0x0000000790e00000)
  to   space 299008K, 0% used [0x000000079d480000,0x000000079d480000,0x00000007af880000)
 ParOldGen       total 418304K, used 288334K [0x00000006c0000000, 0x00000006d9880000, 0x000000076ab00000)
  object space 418304K, 68% used [0x00000006c0000000,0x00000006d1993890,0x00000006d9880000)
 Metaspace       used 34275K, capacity 34512K, committed 34816K, reserved 1079296K
  class space    used 4253K, capacity 4313K, committed 4352K, reserved 1048576K
Event: 1471.455 GC heap after
Heap after GC invocations=15 (full 4):
 PSYoungGen      total 625664K, used 0K [0x000000076ab00000, 0x00000007af880000, 0x00000007c0000000)
  eden space 357376K, 0% used [0x000000076ab00000,0x000000076ab00000,0x0000000780800000)
  from space 268288K, 0% used [0x0000000780800000,0x0000000780800000,0x0000000790e00000)
  to   space 299008K, 0% used [0x000000079d480000,0x000000079d480000,0x00000007af880000)
 ParOldGen       total 431616K, used 71746K [0x00000006c0000000, 0x00000006da580000, 0x000000076ab00000)
  object space 431616K, 16% used [0x00000006c0000000,0x00000006c4610870,0x00000006da580000)
 Metaspace       used 34275K, capacity 34512K, committed 34816K, reserved 1079296K
  class space    used 4253K, capacity 4313K, committed 4352K, reserved 1048576K
}

