# JRE version: Java(TM) SE Runtime Environment (8.0_25-b17) (build 1.8.0_25-b17)
# Java VM: Java HotSpot(TM) 64-Bit Server VM (25.25-b02 mixed mode bsd-amd64 compressed oops)
Heap:
 PSYoungGen      total 141824K, used 103889K [0x000000076ab00000, 0x0000000776c80000, 0x00000007c0000000)
  eden space 131072K, 71% used [0x000000076ab00000,0x00000007705f79b8,0x0000000772b00000)
  from space 10752K, 99% used [0x0000000772b00000,0x000000077357cca8,0x0000000773580000)
  to   space 10752K, 0% used [0x0000000776200000,0x0000000776200000,0x0000000776c80000)
 ParOldGen       total 113664K, used 13993K [0x00000006c0000000, 0x00000006c6f00000, 0x000000076ab00000)
  object space 113664K, 12% used [0x00000006c0000000,0x00000006c0daa690,0x00000006c6f00000)
 Metaspace       used 34388K, capacity 34596K, committed 34816K, reserved 1079296K
  class space    used 4235K, capacity 4317K, committed 4352K, reserved 1048576K
GC Heap History (8 events):
Event: 0.893 GC heap before
{Heap before GC invocations=1 (full 0):
 PSYoungGen      total 76288K, used 65536K [0x000000076ab00000, 0x0000000770000000, 0x00000007c0000000)
  eden space 65536K, 100% used [0x000000076ab00000,0x000000076eb00000,0x000000076eb00000)
  from space 10752K, 0% used [0x000000076f580000,0x000000076f580000,0x0000000770000000)
  to   space 10752K, 0% used [0x000000076eb00000,0x000000076eb00000,0x000000076f580000)
 ParOldGen       total 175104K, used 0K [0x00000006c0000000, 0x00000006cab00000, 0x000000076ab00000)
  object space 175104K, 0% used [0x00000006c0000000,0x00000006c0000000,0x00000006cab00000)
 Metaspace       used 17664K, capacity 17836K, committed 17920K, reserved 1064960K
  class space    used 2232K, capacity 2277K, committed 2304K, reserved 1048576K
Event: 0.905 GC heap after
Heap after GC invocations=1 (full 0):
 PSYoungGen      total 76288K, used 10730K [0x000000076ab00000, 0x0000000774000000, 0x00000007c0000000)
  eden space 65536K, 0% used [0x000000076ab00000,0x000000076ab00000,0x000000076eb00000)
  from space 10752K, 99% used [0x000000076eb00000,0x000000076f57a8f0,0x000000076f580000)
  to   space 10752K, 0% used [0x0000000773580000,0x0000000773580000,0x0000000774000000)
 ParOldGen       total 175104K, used 3863K [0x00000006c0000000, 0x00000006cab00000, 0x000000076ab00000)
  object space 175104K, 2% used [0x00000006c0000000,0x00000006c03c5f20,0x00000006cab00000)
 Metaspace       used 17664K, capacity 17836K, committed 17920K, reserved 1064960K
  class space    used 2232K, capacity 2277K, committed 2304K, reserved 1048576K
}
Event: 1.111 GC heap before
{Heap before GC invocations=2 (full 0):
 PSYoungGen      total 76288K, used 22938K [0x000000076ab00000, 0x0000000774000000, 0x00000007c0000000)
  eden space 65536K, 18% used [0x000000076ab00000,0x000000076b6ec2f8,0x000000076eb00000)
  from space 10752K, 99% used [0x000000076eb00000,0x000000076f57a8f0,0x000000076f580000)
  to   space 10752K, 0% used [0x0000000773580000,0x0000000773580000,0x0000000774000000)
 ParOldGen       total 175104K, used 3863K [0x00000006c0000000, 0x00000006cab00000, 0x000000076ab00000)
  object space 175104K, 2% used [0x00000006c0000000,0x00000006c03c5f20,0x00000006cab00000)
 Metaspace       used 21027K, capacity 21164K, committed 21296K, reserved 1069056K
  class space    used 2609K, capacity 2661K, committed 2688K, reserved 1048576K
Event: 1.117 GC heap after
Heap after GC invocations=2 (full 0):
 PSYoungGen      total 141824K, used 6328K [0x000000076ab00000, 0x0000000774000000, 0x00000007c0000000)
  eden space 131072K, 0% used [0x000000076ab00000,0x000000076ab00000,0x0000000772b00000)
  from space 10752K, 58% used [0x0000000773580000,0x0000000773bae168,0x0000000774000000)
  to   space 10752K, 0% used [0x0000000772b00000,0x0000000772b00000,0x0000000773580000)
 ParOldGen       total 175104K, used 3935K [0x00000006c0000000, 0x00000006cab00000, 0x000000076ab00000)
  object space 175104K, 2% used [0x00000006c0000000,0x00000006c03d7f30,0x00000006cab00000)
 Metaspace       used 21027K, capacity 21164K, committed 21296K, reserved 1069056K
  class space    used 2609K, capacity 2661K, committed 2688K, reserved 1048576K
}
Event: 1.117 GC heap before
{Heap before GC invocations=3 (full 1):
 PSYoungGen      total 141824K, used 6328K [0x000000076ab00000, 0x0000000774000000, 0x00000007c0000000)
  eden space 131072K, 0% used [0x000000076ab00000,0x000000076ab00000,0x0000000772b00000)
  from space 10752K, 58% used [0x0000000773580000,0x0000000773bae168,0x0000000774000000)
  to   space 10752K, 0% used [0x0000000772b00000,0x0000000772b00000,0x0000000773580000)
 ParOldGen       total 175104K, used 3935K [0x00000006c0000000, 0x00000006cab00000, 0x000000076ab00000)
  object space 175104K, 2% used [0x00000006c0000000,0x00000006c03d7f30,0x00000006cab00000)
 Metaspace       used 21027K, capacity 21164K, committed 21296K, reserved 1069056K
  class space    used 2609K, capacity 2661K, committed 2688K, reserved 1048576K
Event: 1.144 GC heap after
Heap after GC invocations=3 (full 1):
 PSYoungGen      total 141824K, used 0K [0x000000076ab00000, 0x0000000774000000, 0x00000007c0000000)
  eden space 131072K, 0% used [0x000000076ab00000,0x000000076ab00000,0x0000000772b00000)
  from space 10752K, 0% used [0x0000000773580000,0x0000000773580000,0x0000000774000000)
  to   space 10752K, 0% used [0x0000000772b00000,0x0000000772b00000,0x0000000773580000)
 ParOldGen       total 113664K, used 6206K [0x00000006c0000000, 0x00000006c6f00000, 0x000000076ab00000)
  object space 113664K, 5% used [0x00000006c0000000,0x00000006c060f938,0x00000006c6f00000)
 Metaspace       used 21027K, capacity 21164K, committed 21296K, reserved 1069056K
  class space    used 2609K, capacity 2661K, committed 2688K, reserved 1048576K
}
Event: 74.359 GC heap before
{Heap before GC invocations=4 (full 1):
 PSYoungGen      total 141824K, used 128782K [0x000000076ab00000, 0x0000000774000000, 0x00000007c0000000)
  eden space 131072K, 98% used [0x000000076ab00000,0x00000007728c3b40,0x0000000772b00000)
  from space 10752K, 0% used [0x0000000773580000,0x0000000773580000,0x0000000774000000)
  to   space 10752K, 0% used [0x0000000772b00000,0x0000000772b00000,0x0000000773580000)
 ParOldGen       total 113664K, used 6206K [0x00000006c0000000, 0x00000006c6f00000, 0x000000076ab00000)
  object space 113664K, 5% used [0x00000006c0000000,0x00000006c060f938,0x00000006c6f00000)
 Metaspace       used 33995K, capacity 34238K, committed 34560K, reserved 1079296K
  class space    used 4231K, capacity 4284K, committed 4352K, reserved 1048576K
Event: 74.372 GC heap after
Heap after GC invocations=4 (full 1):
 PSYoungGen      total 141824K, used 10739K [0x000000076ab00000, 0x0000000776c80000, 0x00000007c0000000)
  eden space 131072K, 0% used [0x000000076ab00000,0x000000076ab00000,0x0000000772b00000)
  from space 10752K, 99% used [0x0000000772b00000,0x000000077357cca8,0x0000000773580000)
  to   space 10752K, 0% used [0x0000000776200000,0x0000000776200000,0x0000000776c80000)
 ParOldGen       total 113664K, used 13993K [0x00000006c0000000, 0x00000006c6f00000, 0x000000076ab00000)
  object space 113664K, 12% used [0x00000006c0000000,0x00000006c0daa690,0x00000006c6f00000)
 Metaspace       used 33995K, capacity 34238K, committed 34560K, reserved 1079296K
  class space    used 4231K, capacity 4284K, committed 4352K, reserved 1048576K
}

