# JRE version: Java(TM) SE Runtime Environment (8.0_25-b17) (build 1.8.0_25-b17)
# Java VM: Java HotSpot(TM) 64-Bit Server VM (25.25-b02 mixed mode bsd-amd64 compressed oops)
Heap:
 PSYoungGen      total 662016K, used 500567K [0x000000076ab00000, 0x00000007a7d00000, 0x00000007c0000000)
  eden space 454144K, 88% used [0x000000076ab00000,0x0000000783532168,0x0000000786680000)
  from space 207872K, 46% used [0x0000000786680000,0x000000078c523e50,0x0000000793180000)
  to   space 201216K, 0% used [0x000000079b880000,0x000000079b880000,0x00000007a7d00000)
 ParOldGen       total 420352K, used 166335K [0x00000006c0000000, 0x00000006d9a80000, 0x000000076ab00000)
  object space 420352K, 39% used [0x00000006c0000000,0x00000006ca26fc40,0x00000006d9a80000)
 Metaspace       used 34275K, capacity 34542K, committed 34816K, reserved 1079296K
  class space    used 4240K, capacity 4318K, committed 4352K, reserved 1048576K
GC Heap History (10 events):
Event: 73.399 GC heap before
{Heap before GC invocations=8 (full 3):
 PSYoungGen      total 180224K, used 10742K [0x000000076ab00000, 0x0000000791700000, 0x00000007c0000000)
  eden space 169472K, 0% used [0x000000076ab00000,0x000000076ab00000,0x0000000775080000)
  from space 10752K, 99% used [0x0000000775080000,0x0000000775afdbb8,0x0000000775b00000)
  to   space 169984K, 0% used [0x0000000787100000,0x0000000787100000,0x0000000791700000)
 ParOldGen       total 306688K, used 274630K [0x00000006c0000000, 0x00000006d2b80000, 0x000000076ab00000)
  object space 306688K, 89% used [0x00000006c0000000,0x00000006d0c319c8,0x00000006d2b80000)
 Metaspace       used 33982K, capacity 34180K, committed 34560K, reserved 1079296K
  class space    used 4234K, capacity 4311K, committed 4352K, reserved 1048576K
Event: 73.483 GC heap after
Heap after GC invocations=8 (full 3):
 PSYoungGen      total 180224K, used 0K [0x000000076ab00000, 0x0000000791700000, 0x00000007c0000000)
  eden space 169472K, 0% used [0x000000076ab00000,0x000000076ab00000,0x0000000775080000)
  from space 10752K, 0% used [0x0000000775080000,0x0000000775080000,0x0000000775b00000)
  to   space 169984K, 0% used [0x0000000787100000,0x0000000787100000,0x0000000791700000)
 ParOldGen       total 420352K, used 87908K [0x00000006c0000000, 0x00000006d9a80000, 0x000000076ab00000)
  object space 420352K, 20% used [0x00000006c0000000,0x00000006c55d93c0,0x00000006d9a80000)
 Metaspace       used 33982K, capacity 34180K, committed 34560K, reserved 1079296K
  class space    used 4234K, capacity 4311K, committed 4352K, reserved 1048576K
}
Event: 109.536 GC heap before
{Heap before GC invocations=9 (full 3):
 PSYoungGen      total 180224K, used 169472K [0x000000076ab00000, 0x0000000791700000, 0x00000007c0000000)
  eden space 169472K, 100% used [0x000000076ab00000,0x0000000775080000,0x0000000775080000)
  from space 10752K, 0% used [0x0000000775080000,0x0000000775080000,0x0000000775b00000)
  to   space 169984K, 0% used [0x0000000787100000,0x0000000787100000,0x0000000791700000)
 ParOldGen       total 420352K, used 87908K [0x00000006c0000000, 0x00000006d9a80000, 0x000000076ab00000)
  object space 420352K, 20% used [0x00000006c0000000,0x00000006c55d93c0,0x00000006d9a80000)
 Metaspace       used 34074K, capacity 34314K, committed 34560K, reserved 1079296K
  class space    used 4236K, capacity 4312K, committed 4352K, reserved 1048576K
Event: 109.571 GC heap after
Heap after GC invocations=9 (full 3):
 PSYoungGen      total 444416K, used 80270K [0x000000076ab00000, 0x0000000790900000, 0x00000007c0000000)
  eden space 288768K, 0% used [0x000000076ab00000,0x000000076ab00000,0x000000077c500000)
  from space 155648K, 51% used [0x0000000787100000,0x000000078bf63840,0x0000000790900000)
  to   space 165888K, 0% used [0x000000077c500000,0x000000077c500000,0x0000000786700000)
 ParOldGen       total 420352K, used 87916K [0x00000006c0000000, 0x00000006d9a80000, 0x000000076ab00000)
  object space 420352K, 20% used [0x00000006c0000000,0x00000006c55db3c0,0x00000006d9a80000)
 Metaspace       used 34074K, capacity 34314K, committed 34560K, reserved 1079296K
  class space    used 4236K, capacity 4312K, committed 4352K, reserved 1048576K
}
Event: 126.646 GC heap before
{Heap before GC invocations=10 (full 3):
 PSYoungGen      total 444416K, used 357325K [0x000000076ab00000, 0x0000000790900000, 0x00000007c0000000)
  eden space 288768K, 95% used [0x000000076ab00000,0x000000077b98ff18,0x000000077c500000)
  from space 155648K, 51% used [0x0000000787100000,0x000000078bf63840,0x0000000790900000)
  to   space 165888K, 0% used [0x000000077c500000,0x000000077c500000,0x0000000786700000)
 ParOldGen       total 420352K, used 87916K [0x00000006c0000000, 0x00000006d9a80000, 0x000000076ab00000)
  object space 420352K, 20% used [0x00000006c0000000,0x00000006c55db3c0,0x00000006d9a80000)
 Metaspace       used 34176K, capacity 34408K, committed 34816K, reserved 1079296K
  class space    used 4239K, capacity 4317K, committed 4352K, reserved 1048576K
Event: 126.700 GC heap after
Heap after GC invocations=10 (full 3):
 PSYoungGen      total 454656K, used 129979K [0x000000076ab00000, 0x000000079e780000, 0x00000007c0000000)
  eden space 288768K, 0% used [0x000000076ab00000,0x000000076ab00000,0x000000077c500000)
  from space 165888K, 78% used [0x000000077c500000,0x00000007843eec70,0x0000000786700000)
  to   space 186368K, 0% used [0x0000000793180000,0x0000000793180000,0x000000079e780000)
 ParOldGen       total 420352K, used 87924K [0x00000006c0000000, 0x00000006d9a80000, 0x000000076ab00000)
  object space 420352K, 20% used [0x00000006c0000000,0x00000006c55dd3c0,0x00000006d9a80000)
 Metaspace       used 34176K, capacity 34408K, committed 34816K, reserved 1079296K
  class space    used 4239K, capacity 4317K, committed 4352K, reserved 1048576K
}
Event: 140.155 GC heap before
{Heap before GC invocations=11 (full 3):
 PSYoungGen      total 454656K, used 409454K [0x000000076ab00000, 0x000000079e780000, 0x00000007c0000000)
  eden space 288768K, 96% used [0x000000076ab00000,0x000000077bbecd60,0x000000077c500000)
  from space 165888K, 78% used [0x000000077c500000,0x00000007843eec70,0x0000000786700000)
  to   space 186368K, 0% used [0x0000000793180000,0x0000000793180000,0x000000079e780000)
 ParOldGen       total 420352K, used 87924K [0x00000006c0000000, 0x00000006d9a80000, 0x000000076ab00000)
  object space 420352K, 20% used [0x00000006c0000000,0x00000006c55dd3c0,0x00000006d9a80000)
 Metaspace       used 34211K, capacity 34478K, committed 34816K, reserved 1079296K
  class space    used 4240K, capacity 4318K, committed 4352K, reserved 1048576K
Event: 140.211 GC heap after
Heap after GC invocations=11 (full 3):
 PSYoungGen      total 640512K, used 150636K [0x000000076ab00000, 0x00000007a0200000, 0x00000007c0000000)
  eden space 454144K, 0% used [0x000000076ab00000,0x000000076ab00000,0x0000000786680000)
  from space 186368K, 80% used [0x0000000793180000,0x000000079c49b1f8,0x000000079e780000)
  to   space 207872K, 0% used [0x0000000786680000,0x0000000786680000,0x0000000793180000)
 ParOldGen       total 420352K, used 87932K [0x00000006c0000000, 0x00000006d9a80000, 0x000000076ab00000)
  object space 420352K, 20% used [0x00000006c0000000,0x00000006c55df3c0,0x00000006d9a80000)
 Metaspace       used 34211K, capacity 34478K, committed 34816K, reserved 1079296K
  class space    used 4240K, capacity 4318K, committed 4352K, reserved 1048576K
}
Event: 154.383 GC heap before
{Heap before GC invocations=12 (full 3):
 PSYoungGen      total 640512K, used 604780K [0x000000076ab00000, 0x00000007a0200000, 0x00000007c0000000)
  eden space 454144K, 100% used [0x000000076ab00000,0x0000000786680000,0x0000000786680000)
  from space 186368K, 80% used [0x0000000793180000,0x000000079c49b1f8,0x000000079e780000)
  to   space 207872K, 0% used [0x0000000786680000,0x0000000786680000,0x0000000793180000)
 ParOldGen       total 420352K, used 87932K [0x00000006c0000000, 0x00000006d9a80000, 0x000000076ab00000)
  object space 420352K, 20% used [0x00000006c0000000,0x00000006c55df3c0,0x00000006d9a80000)
 Metaspace       used 34232K, capacity 34478K, committed 34816K, reserved 1079296K
  class space    used 4240K, capacity 4318K, committed 4352K, reserved 1048576K
Event: 154.414 GC heap after
Heap after GC invocations=12 (full 3):
 PSYoungGen      total 662016K, used 96911K [0x000000076ab00000, 0x00000007a7d00000, 0x00000007c0000000)
  eden space 454144K, 0% used [0x000000076ab00000,0x000000076ab00000,0x0000000786680000)
  from space 207872K, 46% used [0x0000000786680000,0x000000078c523e50,0x0000000793180000)
  to   space 201216K, 0% used [0x000000079b880000,0x000000079b880000,0x00000007a7d00000)
 ParOldGen       total 420352K, used 166335K [0x00000006c0000000, 0x00000006d9a80000, 0x000000076ab00000)
  object space 420352K, 39% used [0x00000006c0000000,0x00000006ca26fc40,0x00000006d9a80000)
 Metaspace       used 34232K, capacity 34478K, committed 34816K, reserved 1079296K
  class space    used 4240K, capacity 4318K, committed 4352K, reserved 1048576K
}

